<?xml version="1.0" encoding="UTF-8"?>
<beans xmlns="http://www.springframework.org/schema/beans"
       xmlns:xsi="http://www.w3.org/2001/XMLSchema-instance"
       xsi:schemaLocation="http://www.springframework.org/schema/beans
       http://www.springframework.org/schema/beans/spring-beans.xsd">

    <bean id="dressId" class="com.epam.brest.courses.dao.DressDaoJdbc">
        <constructor-arg ref="jdbcTemplate"/>
    </bean>

    <bean id="jdbcTemplate" class="org.springframework.jdbc.core.namedparam.NamedParameterJdbcTemplate" >
        <constructor-arg ref="dataSource"/>
    </bean>
</beans>